Date:2018-02-04 18:10:48,800
Level:FATAL
Thread:[1]
Method:Zopa.Log.Fatel
Message: Sorry!we won't be able to provide loan at the moment.

Date:2018-02-04 18:12:07,216
Level:FATAL
Thread:[1]
Method:Zopa.Log.Fatel
Please provide a valid amount between 1000 & 15000

Date:2018-02-04 18:12:13,603
Level:ERROR
Thread:[1]
Method:Zopa.Log.Error
Index was out of range. Must be non-negative and less than the size of the collection.
Parameter name: index

Date:2018-02-04 18:15:33,906
Level:FATAL
Thread:[1]
Method:Zopa.Log.Fatel
Failed to provide loan due to total investment available 2330

Date:2018-02-04 18:16:05,548
Level:FATAL
Thread:[1]
Method:Zopa.Log.Fatel
Failed to provide loan due to total investment available 2330

Date:2018-02-04 18:16:51,296
Level:FATAL
Thread:[1]
Method:Zopa.Log.Fatel
Failed to provide loan due to total investment available £2,330.00

Date:2018-02-04 18:18:09,270
Level:FATAL
Thread:[1]
Method:Zopa.Log.Fatel
Failed to provide loan due to total investment available £2,330.00

Date:2018-02-04 18:18:15,428
Level:FATAL
Thread:[1]
Method:Zopa.Log.Fatel
Please provide an amount which is an increment of £100.00

Date:2018-02-04 18:19:12,556
Level:FATAL
Thread:[1]
Method:Zopa.Log.Fatel
Please provide a valid amount between £1,000.00 & £15,000.00

Date:2018-02-04 18:19:24,466
Level:FATAL
Thread:[1]
Method:Zopa.Log.Fatel
Please provide a valid amount between £1,000.00 & £15,000.00

Date:2018-02-04 18:19:47,905
Level:FATAL
Thread:[1]
Method:Zopa.Log.Fatel
Failed to provide loan due to total investment available £2,330.00

